0 info it worked if it ends with ok
1 verbose cli [ '/home/arojas/.nvm/versions/node/v4.4.4/bin/node',
1 verbose cli   '/home/arojas/.nvm/versions/node/v4.4.4/bin/npm',
1 verbose cli   'install',
1 verbose cli   'sails-mysql',
1 verbose cli   '--save' ]
2 info using npm@2.15.1
3 info using node@v4.4.4
4 verbose install initial load of /home/arojas/EasyParking/server/package.json
5 verbose installManyTop reading scoped package data from /home/arojas/EasyParking/server/node_modules/sails/package.json
6 verbose readDependencies loading dependencies from /home/arojas/EasyParking/server/package.json
7 silly cache add args [ 'sails-mysql', null ]
8 verbose cache add spec sails-mysql
9 silly cache add parsed spec Result {
9 silly cache add   raw: 'sails-mysql',
9 silly cache add   scope: null,
9 silly cache add   name: 'sails-mysql',
9 silly cache add   rawSpec: '',
9 silly cache add   spec: 'latest',
9 silly cache add   type: 'tag' }
10 silly addNamed sails-mysql@latest
11 verbose addNamed "latest" is being treated as a dist-tag for sails-mysql
12 info addNameTag [ 'sails-mysql', 'latest' ]
13 silly mapToRegistry name sails-mysql
14 silly mapToRegistry using default registry
15 silly mapToRegistry registry http://ads-npm.advertising.aol.com:4873/
16 silly mapToRegistry data Result {
16 silly mapToRegistry   raw: 'sails-mysql',
16 silly mapToRegistry   scope: null,
16 silly mapToRegistry   name: 'sails-mysql',
16 silly mapToRegistry   rawSpec: '',
16 silly mapToRegistry   spec: 'latest',
16 silly mapToRegistry   type: 'tag' }
17 silly mapToRegistry uri http://ads-npm.advertising.aol.com:4873/sails-mysql
18 verbose addNameTag registry:http://ads-npm.advertising.aol.com:4873/sails-mysql not in flight; fetching
19 verbose request uri http://ads-npm.advertising.aol.com:4873/sails-mysql
20 verbose request no auth needed
21 info attempt registry request try #1 at 10:59:47
22 verbose request id 2d64f94237f9c14d
23 http request GET http://ads-npm.advertising.aol.com:4873/sails-mysql
24 info retry will retry, error on last attempt: Error: getaddrinfo ENOTFOUND ads-npm.advertising.aol.com ads-npm.advertising.aol.com:4873
25 info attempt registry request try #2 at 10:59:58
26 http request GET http://ads-npm.advertising.aol.com:4873/sails-mysql
27 info retry will retry, error on last attempt: Error: getaddrinfo ENOTFOUND ads-npm.advertising.aol.com ads-npm.advertising.aol.com:4873
28 info attempt registry request try #3 at 11:00:59
29 http request GET http://ads-npm.advertising.aol.com:4873/sails-mysql
30 verbose stack Error: getaddrinfo ENOTFOUND ads-npm.advertising.aol.com ads-npm.advertising.aol.com:4873
30 verbose stack     at errnoException (dns.js:27:10)
30 verbose stack     at GetAddrInfoReqWrap.onlookup [as oncomplete] (dns.js:78:26)
31 verbose cwd /home/arojas/EasyParking/server
32 error Linux 4.2.0-36-generic
33 error argv "/home/arojas/.nvm/versions/node/v4.4.4/bin/node" "/home/arojas/.nvm/versions/node/v4.4.4/bin/npm" "install" "sails-mysql" "--save"
34 error node v4.4.4
35 error npm  v2.15.1
36 error code ENOTFOUND
37 error errno ENOTFOUND
38 error syscall getaddrinfo
39 error network getaddrinfo ENOTFOUND ads-npm.advertising.aol.com ads-npm.advertising.aol.com:4873
39 error network This is most likely not a problem with npm itself
39 error network and is related to network connectivity.
39 error network In most cases you are behind a proxy or have bad network settings.
39 error network
39 error network If you are behind a proxy, please make sure that the
39 error network 'proxy' config is set properly.  See: 'npm help config'
40 verbose exit [ 1, true ]
